<?xml version="1.0" encoding="UTF-8"?>
<testsuites name="cpf" time="41.005" tests="4" failures="0" errors="0">
   <testsuite name="cpf" tests="4" failures="0" errors="0" time="41.005" skipped="0" timestamp="2022-01-25 14:18:55" hostname="Administrator - 172.16.2.74" id="Test Suites/cpf">
      <properties>
         <property name="deviceName" value=""/>
         <property name="devicePlatform" value=""/>
         <property name="logFolder" value="C:\\Users\\Administrator\\git\\Site-SFA\\Reports\\20220125_141852\\cpf\\20220125_141852"/>
         <property name="logFiles" value="C:\\Users\\Administrator\\git\\Site-SFA\\Reports\\20220125_141852\\cpf\\20220125_141852\\execution0.log"/>
         <property name="attachments" value=""/>
         <property name="hostName" value="Administrator - 172.16.2.74"/>
         <property name="os" value="Windows 10 64bit"/>
         <property name="katalonVersion" value="8.2.5.208"/>
         <property name="browser" value="Chrome 97.0.4692.71"/>
         <property name="hostAddress" value="172.16.2.74"/>
         <property name="sessionId" value="db480e4a18c2fd00244a1852056ae622"/>
         <property name="seleniumVersion" value="3.141.59"/>
         <property name="proxyInformation" value="ProxyInformation { proxyOption=NO_PROXY, proxyServerType=HTTP, username=, password=********, proxyServerAddress=, proxyServerPort=0, executionList=&quot;&quot;, isApplyToDesiredCapabilities=true }"/>
         <property name="platform" value="Windows 10"/>
      </properties>
      <testcase name="Test Cases/aa" time="11.6" classname="Test Cases/aa" status="PASSED">
         <system-out><![CDATA[2022-01-25 14:18:55 - [TEST_CASE][PASSED] - Test Cases/aa: Test Cases/aa

2022-01-25 14:18:56 - [TEST_STEP][PASSED] - openBrowser(""): Browser is opened with url: ''

2022-01-25 14:18:56 - [MESSAGE][INFO] - Starting 'Chrome' driver

2022-01-25 14:18:56 - [MESSAGE][INFO] - Action delay is set to 0 milliseconds

2022-01-25 14:18:58 - [MESSAGE][PASSED] - Browser is opened with url: ''

2022-01-25 14:18:58 - [TEST_STEP][PASSED] - navigateToUrl("http://172.16.1.21:7802/pt/account/login?returnUrl=%2Fpedidos"): Navigate to 'http://172.16.1.21:7802/pt/account/login?returnUrl=%2Fpedidos' successfully

2022-01-25 14:18:59 - [MESSAGE][PASSED] - Navigate to 'http://172.16.1.21:7802/pt/account/login?returnUrl=%2Fpedidos' successfully

2022-01-25 14:18:59 - [TEST_STEP][PASSED] - setText(findTestObject("Object Repository/Page_Dataplace - SFA/Page_Dataplace - SFA/Page_Dataplace - SFA/Page_Dataplace - SFA/Page_Dataplace SFA/Page_Dataplace - SFA/input_Nome de usurio ou endereo de email_email"), "mayara.moraes@dataplace.com.br"): Text 'mayara.moraes@dataplace.com.br' is set on object 'Object Repository/Page_Dataplace - SFA/Page_Dataplace - SFA/Page_Dataplace - SFA/Page_Dataplace - SFA/Page_Dataplace SFA/Page_Dataplace - SFA/input_Nome de usurio ou endereo de email_email'

2022-01-25 14:19:00 - [MESSAGE][PASSED] - Text 'mayara.moraes@dataplace.com.br' is set on object 'Object Repository/Page_Dataplace - SFA/Page_Dataplace - SFA/Page_Dataplace - SFA/Page_Dataplace - SFA/Page_Dataplace SFA/Page_Dataplace - SFA/input_Nome de usurio ou endereo de email_email'

2022-01-25 14:19:00 - [TEST_STEP][PASSED] - setEncryptedText(findTestObject("Object Repository/Page_Dataplace - SFA/Page_Dataplace - SFA/Page_Dataplace - SFA/Page_Dataplace - SFA/Page_Dataplace SFA/Page_Dataplace - SFA/input_Senha_senha"), "jBu/h84nUum0DzfFUdyvAQ=="): Text ****** has been set on object 'Object Repository/Page_Dataplace - SFA/Page_Dataplace - SFA/Page_Dataplace - SFA/Page_Dataplace - SFA/Page_Dataplace SFA/Page_Dataplace - SFA/input_Senha_senha'

2022-01-25 14:19:00 - [MESSAGE][PASSED] - Text ****** has been set on object 'Object Repository/Page_Dataplace - SFA/Page_Dataplace - SFA/Page_Dataplace - SFA/Page_Dataplace - SFA/Page_Dataplace SFA/Page_Dataplace - SFA/input_Senha_senha'

2022-01-25 14:19:00 - [TEST_STEP][PASSED] - click(findTestObject("Object Repository/Page_Dataplace - SFA/Page_Dataplace - SFA/Page_Dataplace - SFA/Page_Dataplace - SFA/Page_Dataplace SFA/Page_Dataplace - SFA/div_Login")): Object: 'Object Repository/Page_Dataplace - SFA/Page_Dataplace - SFA/Page_Dataplace - SFA/Page_Dataplace - SFA/Page_Dataplace SFA/Page_Dataplace - SFA/div_Login' is clicked on

2022-01-25 14:19:01 - [MESSAGE][PASSED] - Object: 'Object Repository/Page_Dataplace - SFA/Page_Dataplace - SFA/Page_Dataplace - SFA/Page_Dataplace - SFA/Page_Dataplace SFA/Page_Dataplace - SFA/div_Login' is clicked on

2022-01-25 14:19:01 - [TEST_STEP][PASSED] - click(findTestObject("Object Repository/Page_Dataplace - SFA/Page_Dataplace - SFA/Page_Dataplace - SFA/Page_Dataplace - SFA/Page_Dataplace SFA/Page_Dataplace SFA/div_Clientes")): Object: 'Object Repository/Page_Dataplace - SFA/Page_Dataplace - SFA/Page_Dataplace - SFA/Page_Dataplace - SFA/Page_Dataplace SFA/Page_Dataplace SFA/div_Clientes' is clicked on

2022-01-25 14:19:02 - [MESSAGE][PASSED] - Object: 'Object Repository/Page_Dataplace - SFA/Page_Dataplace - SFA/Page_Dataplace - SFA/Page_Dataplace - SFA/Page_Dataplace SFA/Page_Dataplace SFA/div_Clientes' is clicked on

2022-01-25 14:19:02 - [TEST_STEP][PASSED] - click(findTestObject("Object Repository/Page_Dataplace - SFA/Page_Dataplace - SFA/Page_Dataplace - SFA/Page_Dataplace - SFA/Page_Dataplace SFA/Page_Dataplace SFA/button_Cadastrar cliente_btn btn-secondary btn-sm")): Object: 'Object Repository/Page_Dataplace - SFA/Page_Dataplace - SFA/Page_Dataplace - SFA/Page_Dataplace - SFA/Page_Dataplace SFA/Page_Dataplace SFA/button_Cadastrar cliente_btn btn-secondary btn-sm' is clicked on

2022-01-25 14:19:02 - [MESSAGE][PASSED] - Object: 'Object Repository/Page_Dataplace - SFA/Page_Dataplace - SFA/Page_Dataplace - SFA/Page_Dataplace - SFA/Page_Dataplace SFA/Page_Dataplace SFA/button_Cadastrar cliente_btn btn-secondary btn-sm' is clicked on

2022-01-25 14:19:02 - [TEST_STEP][PASSED] - click(findTestObject("Object Repository/Page_Dataplace - SFA/Page_Dataplace - SFA/Page_Dataplace - SFA/Page_Dataplace - SFA/Page_Dataplace SFA/Page_Dataplace SFA/a_Calebe e Jaqueline")): Object: 'Object Repository/Page_Dataplace - SFA/Page_Dataplace - SFA/Page_Dataplace - SFA/Page_Dataplace - SFA/Page_Dataplace SFA/Page_Dataplace SFA/a_Calebe e Jaqueline' is clicked on

2022-01-25 14:19:03 - [MESSAGE][PASSED] - Object: 'Object Repository/Page_Dataplace - SFA/Page_Dataplace - SFA/Page_Dataplace - SFA/Page_Dataplace - SFA/Page_Dataplace SFA/Page_Dataplace SFA/a_Calebe e Jaqueline' is clicked on

2022-01-25 14:19:03 - [TEST_STEP][PASSED] - click(findTestObject("Object Repository/Page_Dataplace - SFA/Page_Dataplace - SFA/Page_Dataplace - SFA/Page_Dataplace - SFA/Page_Dataplace SFA/Page_Dataplace SFA/div_Editar")): Object: 'Object Repository/Page_Dataplace - SFA/Page_Dataplace - SFA/Page_Dataplace - SFA/Page_Dataplace - SFA/Page_Dataplace SFA/Page_Dataplace SFA/div_Editar' is clicked on

2022-01-25 14:19:04 - [MESSAGE][PASSED] - Object: 'Object Repository/Page_Dataplace - SFA/Page_Dataplace - SFA/Page_Dataplace - SFA/Page_Dataplace - SFA/Page_Dataplace SFA/Page_Dataplace SFA/div_Editar' is clicked on

2022-01-25 14:19:04 - [TEST_STEP][PASSED] - selectOptionByValue(findTestObject("Object Repository/Page_Dataplace - SFA/Page_Dataplace - SFA/Page_Dataplace - SFA/Page_Dataplace - SFA/Page_Dataplace SFA/Page_Dataplace SFA/select_Fsica Jurdica"), "2", true): All options with value '2' are selected in object 'Object Repository/Page_Dataplace - SFA/Page_Dataplace - SFA/Page_Dataplace - SFA/Page_Dataplace - SFA/Page_Dataplace SFA/Page_Dataplace SFA/select_Fsica Jurdica'  using regular expression

2022-01-25 14:19:05 - [MESSAGE][PASSED] - All options with value '2' are selected in object 'Object Repository/Page_Dataplace - SFA/Page_Dataplace - SFA/Page_Dataplace - SFA/Page_Dataplace - SFA/Page_Dataplace SFA/Page_Dataplace SFA/select_Fsica Jurdica'  using regular expression

2022-01-25 14:19:05 - [TEST_STEP][PASSED] - click(findTestObject("Object Repository/Page_Dataplace - SFA/Page_Dataplace - SFA/Page_Dataplace - SFA/Page_Dataplace - SFA/Page_Dataplace SFA/Page_Dataplace SFA/div_SFA - Fora de Vendas  DP INFORMTICA LTD_a6a7a3")): Object: 'Object Repository/Page_Dataplace - SFA/Page_Dataplace - SFA/Page_Dataplace - SFA/Page_Dataplace - SFA/Page_Dataplace SFA/Page_Dataplace SFA/div_SFA - Fora de Vendas  DP INFORMTICA LTD_a6a7a3' is clicked on

2022-01-25 14:19:05 - [MESSAGE][PASSED] - Object: 'Object Repository/Page_Dataplace - SFA/Page_Dataplace - SFA/Page_Dataplace - SFA/Page_Dataplace - SFA/Page_Dataplace SFA/Page_Dataplace SFA/div_SFA - Fora de Vendas  DP INFORMTICA LTD_a6a7a3' is clicked on

2022-01-25 14:19:05 - [TEST_STEP][PASSED] - if (setText(findTestObject("Object Repository/Page_Dataplace - SFA/Page_Dataplace - SFA/Page_Dataplace - SFA/Page_Dataplace - SFA/Page_Dataplace SFA/Page_Dataplace SFA/input_CPF_inscricaoFederal"), cpf) == true): Text '780.944.700-97' is set on object 'Object Repository/Page_Dataplace - SFA/Page_Dataplace - SFA/Page_Dataplace - SFA/Page_Dataplace - SFA/Page_Dataplace SFA/Page_Dataplace SFA/input_CPF_inscricaoFederal'

2022-01-25 14:19:06 - [MESSAGE][PASSED] - Text '780.944.700-97' is set on object 'Object Repository/Page_Dataplace - SFA/Page_Dataplace - SFA/Page_Dataplace - SFA/Page_Dataplace - SFA/Page_Dataplace SFA/Page_Dataplace SFA/input_CPF_inscricaoFederal'

2022-01-25 14:19:06 - [TEST_STEP][PASSED] - else: null

2022-01-25 14:19:06 - [TEST_STEP][PASSED] - out.println("cpf inválido"): null

2022-01-25 14:19:06 - [TEST_STEP][PASSED] - closeBrowser(): Browser is closed

2022-01-25 14:19:07 - [MESSAGE][PASSED] - Browser is closed]]></system-out>
         <system-err><![CDATA[]]></system-err>
      </testcase>
      <testcase name="Test Cases/aa" time="9.538" classname="Test Cases/aa" status="PASSED">
         <system-out><![CDATA[2022-01-25 14:19:07 - [TEST_CASE][PASSED] - Test Cases/aa: Test Cases/aa

2022-01-25 14:19:07 - [TEST_STEP][PASSED] - openBrowser(""): Browser is opened with url: ''

2022-01-25 14:19:07 - [MESSAGE][INFO] - Starting 'Chrome' driver

2022-01-25 14:19:07 - [MESSAGE][INFO] - Action delay is set to 0 milliseconds

2022-01-25 14:19:08 - [MESSAGE][PASSED] - Browser is opened with url: ''

2022-01-25 14:19:08 - [TEST_STEP][PASSED] - navigateToUrl("http://172.16.1.21:7802/pt/account/login?returnUrl=%2Fpedidos"): Navigate to 'http://172.16.1.21:7802/pt/account/login?returnUrl=%2Fpedidos' successfully

2022-01-25 14:19:09 - [MESSAGE][PASSED] - Navigate to 'http://172.16.1.21:7802/pt/account/login?returnUrl=%2Fpedidos' successfully

2022-01-25 14:19:09 - [TEST_STEP][PASSED] - setText(findTestObject("Object Repository/Page_Dataplace - SFA/Page_Dataplace - SFA/Page_Dataplace - SFA/Page_Dataplace - SFA/Page_Dataplace SFA/Page_Dataplace - SFA/input_Nome de usurio ou endereo de email_email"), "mayara.moraes@dataplace.com.br"): Text 'mayara.moraes@dataplace.com.br' is set on object 'Object Repository/Page_Dataplace - SFA/Page_Dataplace - SFA/Page_Dataplace - SFA/Page_Dataplace - SFA/Page_Dataplace SFA/Page_Dataplace - SFA/input_Nome de usurio ou endereo de email_email'

2022-01-25 14:19:10 - [MESSAGE][PASSED] - Text 'mayara.moraes@dataplace.com.br' is set on object 'Object Repository/Page_Dataplace - SFA/Page_Dataplace - SFA/Page_Dataplace - SFA/Page_Dataplace - SFA/Page_Dataplace SFA/Page_Dataplace - SFA/input_Nome de usurio ou endereo de email_email'

2022-01-25 14:19:10 - [TEST_STEP][PASSED] - setEncryptedText(findTestObject("Object Repository/Page_Dataplace - SFA/Page_Dataplace - SFA/Page_Dataplace - SFA/Page_Dataplace - SFA/Page_Dataplace SFA/Page_Dataplace - SFA/input_Senha_senha"), "jBu/h84nUum0DzfFUdyvAQ=="): Text ****** has been set on object 'Object Repository/Page_Dataplace - SFA/Page_Dataplace - SFA/Page_Dataplace - SFA/Page_Dataplace - SFA/Page_Dataplace SFA/Page_Dataplace - SFA/input_Senha_senha'

2022-01-25 14:19:10 - [MESSAGE][PASSED] - Text ****** has been set on object 'Object Repository/Page_Dataplace - SFA/Page_Dataplace - SFA/Page_Dataplace - SFA/Page_Dataplace - SFA/Page_Dataplace SFA/Page_Dataplace - SFA/input_Senha_senha'

2022-01-25 14:19:10 - [TEST_STEP][PASSED] - click(findTestObject("Object Repository/Page_Dataplace - SFA/Page_Dataplace - SFA/Page_Dataplace - SFA/Page_Dataplace - SFA/Page_Dataplace SFA/Page_Dataplace - SFA/div_Login")): Object: 'Object Repository/Page_Dataplace - SFA/Page_Dataplace - SFA/Page_Dataplace - SFA/Page_Dataplace - SFA/Page_Dataplace SFA/Page_Dataplace - SFA/div_Login' is clicked on

2022-01-25 14:19:11 - [MESSAGE][PASSED] - Object: 'Object Repository/Page_Dataplace - SFA/Page_Dataplace - SFA/Page_Dataplace - SFA/Page_Dataplace - SFA/Page_Dataplace SFA/Page_Dataplace - SFA/div_Login' is clicked on

2022-01-25 14:19:11 - [TEST_STEP][PASSED] - click(findTestObject("Object Repository/Page_Dataplace - SFA/Page_Dataplace - SFA/Page_Dataplace - SFA/Page_Dataplace - SFA/Page_Dataplace SFA/Page_Dataplace SFA/div_Clientes")): Object: 'Object Repository/Page_Dataplace - SFA/Page_Dataplace - SFA/Page_Dataplace - SFA/Page_Dataplace - SFA/Page_Dataplace SFA/Page_Dataplace SFA/div_Clientes' is clicked on

2022-01-25 14:19:11 - [MESSAGE][PASSED] - Object: 'Object Repository/Page_Dataplace - SFA/Page_Dataplace - SFA/Page_Dataplace - SFA/Page_Dataplace - SFA/Page_Dataplace SFA/Page_Dataplace SFA/div_Clientes' is clicked on

2022-01-25 14:19:11 - [TEST_STEP][PASSED] - click(findTestObject("Object Repository/Page_Dataplace - SFA/Page_Dataplace - SFA/Page_Dataplace - SFA/Page_Dataplace - SFA/Page_Dataplace SFA/Page_Dataplace SFA/button_Cadastrar cliente_btn btn-secondary btn-sm")): Object: 'Object Repository/Page_Dataplace - SFA/Page_Dataplace - SFA/Page_Dataplace - SFA/Page_Dataplace - SFA/Page_Dataplace SFA/Page_Dataplace SFA/button_Cadastrar cliente_btn btn-secondary btn-sm' is clicked on

2022-01-25 14:19:12 - [MESSAGE][PASSED] - Object: 'Object Repository/Page_Dataplace - SFA/Page_Dataplace - SFA/Page_Dataplace - SFA/Page_Dataplace - SFA/Page_Dataplace SFA/Page_Dataplace SFA/button_Cadastrar cliente_btn btn-secondary btn-sm' is clicked on

2022-01-25 14:19:12 - [TEST_STEP][PASSED] - click(findTestObject("Object Repository/Page_Dataplace - SFA/Page_Dataplace - SFA/Page_Dataplace - SFA/Page_Dataplace - SFA/Page_Dataplace SFA/Page_Dataplace SFA/a_Calebe e Jaqueline")): Object: 'Object Repository/Page_Dataplace - SFA/Page_Dataplace - SFA/Page_Dataplace - SFA/Page_Dataplace - SFA/Page_Dataplace SFA/Page_Dataplace SFA/a_Calebe e Jaqueline' is clicked on

2022-01-25 14:19:13 - [MESSAGE][PASSED] - Object: 'Object Repository/Page_Dataplace - SFA/Page_Dataplace - SFA/Page_Dataplace - SFA/Page_Dataplace - SFA/Page_Dataplace SFA/Page_Dataplace SFA/a_Calebe e Jaqueline' is clicked on

2022-01-25 14:19:13 - [TEST_STEP][PASSED] - click(findTestObject("Object Repository/Page_Dataplace - SFA/Page_Dataplace - SFA/Page_Dataplace - SFA/Page_Dataplace - SFA/Page_Dataplace SFA/Page_Dataplace SFA/div_Editar")): Object: 'Object Repository/Page_Dataplace - SFA/Page_Dataplace - SFA/Page_Dataplace - SFA/Page_Dataplace - SFA/Page_Dataplace SFA/Page_Dataplace SFA/div_Editar' is clicked on

2022-01-25 14:19:13 - [MESSAGE][PASSED] - Object: 'Object Repository/Page_Dataplace - SFA/Page_Dataplace - SFA/Page_Dataplace - SFA/Page_Dataplace - SFA/Page_Dataplace SFA/Page_Dataplace SFA/div_Editar' is clicked on

2022-01-25 14:19:13 - [TEST_STEP][PASSED] - selectOptionByValue(findTestObject("Object Repository/Page_Dataplace - SFA/Page_Dataplace - SFA/Page_Dataplace - SFA/Page_Dataplace - SFA/Page_Dataplace SFA/Page_Dataplace SFA/select_Fsica Jurdica"), "2", true): All options with value '2' are selected in object 'Object Repository/Page_Dataplace - SFA/Page_Dataplace - SFA/Page_Dataplace - SFA/Page_Dataplace - SFA/Page_Dataplace SFA/Page_Dataplace SFA/select_Fsica Jurdica'  using regular expression

2022-01-25 14:19:14 - [MESSAGE][PASSED] - All options with value '2' are selected in object 'Object Repository/Page_Dataplace - SFA/Page_Dataplace - SFA/Page_Dataplace - SFA/Page_Dataplace - SFA/Page_Dataplace SFA/Page_Dataplace SFA/select_Fsica Jurdica'  using regular expression

2022-01-25 14:19:14 - [TEST_STEP][PASSED] - click(findTestObject("Object Repository/Page_Dataplace - SFA/Page_Dataplace - SFA/Page_Dataplace - SFA/Page_Dataplace - SFA/Page_Dataplace SFA/Page_Dataplace SFA/div_SFA - Fora de Vendas  DP INFORMTICA LTD_a6a7a3")): Object: 'Object Repository/Page_Dataplace - SFA/Page_Dataplace - SFA/Page_Dataplace - SFA/Page_Dataplace - SFA/Page_Dataplace SFA/Page_Dataplace SFA/div_SFA - Fora de Vendas  DP INFORMTICA LTD_a6a7a3' is clicked on

2022-01-25 14:19:15 - [MESSAGE][PASSED] - Object: 'Object Repository/Page_Dataplace - SFA/Page_Dataplace - SFA/Page_Dataplace - SFA/Page_Dataplace - SFA/Page_Dataplace SFA/Page_Dataplace SFA/div_SFA - Fora de Vendas  DP INFORMTICA LTD_a6a7a3' is clicked on

2022-01-25 14:19:15 - [TEST_STEP][PASSED] - if (setText(findTestObject("Object Repository/Page_Dataplace - SFA/Page_Dataplace - SFA/Page_Dataplace - SFA/Page_Dataplace - SFA/Page_Dataplace SFA/Page_Dataplace SFA/input_CPF_inscricaoFederal"), cpf) == true): Text '195.051.870-17' is set on object 'Object Repository/Page_Dataplace - SFA/Page_Dataplace - SFA/Page_Dataplace - SFA/Page_Dataplace - SFA/Page_Dataplace SFA/Page_Dataplace SFA/input_CPF_inscricaoFederal'

2022-01-25 14:19:16 - [MESSAGE][PASSED] - Text '195.051.870-17' is set on object 'Object Repository/Page_Dataplace - SFA/Page_Dataplace - SFA/Page_Dataplace - SFA/Page_Dataplace - SFA/Page_Dataplace SFA/Page_Dataplace SFA/input_CPF_inscricaoFederal'

2022-01-25 14:19:16 - [TEST_STEP][PASSED] - else: null

2022-01-25 14:19:16 - [TEST_STEP][PASSED] - out.println("cpf inválido"): null

2022-01-25 14:19:16 - [TEST_STEP][PASSED] - closeBrowser(): Browser is closed

2022-01-25 14:19:16 - [MESSAGE][PASSED] - Browser is closed]]></system-out>
         <system-err><![CDATA[]]></system-err>
      </testcase>
      <testcase name="Test Cases/aa" time="9.645" classname="Test Cases/aa" status="PASSED">
         <system-out><![CDATA[2022-01-25 14:19:16 - [TEST_CASE][PASSED] - Test Cases/aa: Test Cases/aa

2022-01-25 14:19:16 - [TEST_STEP][PASSED] - openBrowser(""): Browser is opened with url: ''

2022-01-25 14:19:16 - [MESSAGE][INFO] - Starting 'Chrome' driver

2022-01-25 14:19:16 - [MESSAGE][INFO] - Action delay is set to 0 milliseconds

2022-01-25 14:19:17 - [MESSAGE][PASSED] - Browser is opened with url: ''

2022-01-25 14:19:17 - [TEST_STEP][PASSED] - navigateToUrl("http://172.16.1.21:7802/pt/account/login?returnUrl=%2Fpedidos"): Navigate to 'http://172.16.1.21:7802/pt/account/login?returnUrl=%2Fpedidos' successfully

2022-01-25 14:19:18 - [MESSAGE][PASSED] - Navigate to 'http://172.16.1.21:7802/pt/account/login?returnUrl=%2Fpedidos' successfully

2022-01-25 14:19:18 - [TEST_STEP][PASSED] - setText(findTestObject("Object Repository/Page_Dataplace - SFA/Page_Dataplace - SFA/Page_Dataplace - SFA/Page_Dataplace - SFA/Page_Dataplace SFA/Page_Dataplace - SFA/input_Nome de usurio ou endereo de email_email"), "mayara.moraes@dataplace.com.br"): Text 'mayara.moraes@dataplace.com.br' is set on object 'Object Repository/Page_Dataplace - SFA/Page_Dataplace - SFA/Page_Dataplace - SFA/Page_Dataplace - SFA/Page_Dataplace SFA/Page_Dataplace - SFA/input_Nome de usurio ou endereo de email_email'

2022-01-25 14:19:19 - [MESSAGE][PASSED] - Text 'mayara.moraes@dataplace.com.br' is set on object 'Object Repository/Page_Dataplace - SFA/Page_Dataplace - SFA/Page_Dataplace - SFA/Page_Dataplace - SFA/Page_Dataplace SFA/Page_Dataplace - SFA/input_Nome de usurio ou endereo de email_email'

2022-01-25 14:19:19 - [TEST_STEP][PASSED] - setEncryptedText(findTestObject("Object Repository/Page_Dataplace - SFA/Page_Dataplace - SFA/Page_Dataplace - SFA/Page_Dataplace - SFA/Page_Dataplace SFA/Page_Dataplace - SFA/input_Senha_senha"), "jBu/h84nUum0DzfFUdyvAQ=="): Text ****** has been set on object 'Object Repository/Page_Dataplace - SFA/Page_Dataplace - SFA/Page_Dataplace - SFA/Page_Dataplace - SFA/Page_Dataplace SFA/Page_Dataplace - SFA/input_Senha_senha'

2022-01-25 14:19:20 - [MESSAGE][PASSED] - Text ****** has been set on object 'Object Repository/Page_Dataplace - SFA/Page_Dataplace - SFA/Page_Dataplace - SFA/Page_Dataplace - SFA/Page_Dataplace SFA/Page_Dataplace - SFA/input_Senha_senha'

2022-01-25 14:19:20 - [TEST_STEP][PASSED] - click(findTestObject("Object Repository/Page_Dataplace - SFA/Page_Dataplace - SFA/Page_Dataplace - SFA/Page_Dataplace - SFA/Page_Dataplace SFA/Page_Dataplace - SFA/div_Login")): Object: 'Object Repository/Page_Dataplace - SFA/Page_Dataplace - SFA/Page_Dataplace - SFA/Page_Dataplace - SFA/Page_Dataplace SFA/Page_Dataplace - SFA/div_Login' is clicked on

2022-01-25 14:19:20 - [MESSAGE][PASSED] - Object: 'Object Repository/Page_Dataplace - SFA/Page_Dataplace - SFA/Page_Dataplace - SFA/Page_Dataplace - SFA/Page_Dataplace SFA/Page_Dataplace - SFA/div_Login' is clicked on

2022-01-25 14:19:20 - [TEST_STEP][PASSED] - click(findTestObject("Object Repository/Page_Dataplace - SFA/Page_Dataplace - SFA/Page_Dataplace - SFA/Page_Dataplace - SFA/Page_Dataplace SFA/Page_Dataplace SFA/div_Clientes")): Object: 'Object Repository/Page_Dataplace - SFA/Page_Dataplace - SFA/Page_Dataplace - SFA/Page_Dataplace - SFA/Page_Dataplace SFA/Page_Dataplace SFA/div_Clientes' is clicked on

2022-01-25 14:19:21 - [MESSAGE][PASSED] - Object: 'Object Repository/Page_Dataplace - SFA/Page_Dataplace - SFA/Page_Dataplace - SFA/Page_Dataplace - SFA/Page_Dataplace SFA/Page_Dataplace SFA/div_Clientes' is clicked on

2022-01-25 14:19:21 - [TEST_STEP][PASSED] - click(findTestObject("Object Repository/Page_Dataplace - SFA/Page_Dataplace - SFA/Page_Dataplace - SFA/Page_Dataplace - SFA/Page_Dataplace SFA/Page_Dataplace SFA/button_Cadastrar cliente_btn btn-secondary btn-sm")): Object: 'Object Repository/Page_Dataplace - SFA/Page_Dataplace - SFA/Page_Dataplace - SFA/Page_Dataplace - SFA/Page_Dataplace SFA/Page_Dataplace SFA/button_Cadastrar cliente_btn btn-secondary btn-sm' is clicked on

2022-01-25 14:19:22 - [MESSAGE][PASSED] - Object: 'Object Repository/Page_Dataplace - SFA/Page_Dataplace - SFA/Page_Dataplace - SFA/Page_Dataplace - SFA/Page_Dataplace SFA/Page_Dataplace SFA/button_Cadastrar cliente_btn btn-secondary btn-sm' is clicked on

2022-01-25 14:19:22 - [TEST_STEP][PASSED] - click(findTestObject("Object Repository/Page_Dataplace - SFA/Page_Dataplace - SFA/Page_Dataplace - SFA/Page_Dataplace - SFA/Page_Dataplace SFA/Page_Dataplace SFA/a_Calebe e Jaqueline")): Object: 'Object Repository/Page_Dataplace - SFA/Page_Dataplace - SFA/Page_Dataplace - SFA/Page_Dataplace - SFA/Page_Dataplace SFA/Page_Dataplace SFA/a_Calebe e Jaqueline' is clicked on

2022-01-25 14:19:22 - [MESSAGE][PASSED] - Object: 'Object Repository/Page_Dataplace - SFA/Page_Dataplace - SFA/Page_Dataplace - SFA/Page_Dataplace - SFA/Page_Dataplace SFA/Page_Dataplace SFA/a_Calebe e Jaqueline' is clicked on

2022-01-25 14:19:22 - [TEST_STEP][PASSED] - click(findTestObject("Object Repository/Page_Dataplace - SFA/Page_Dataplace - SFA/Page_Dataplace - SFA/Page_Dataplace - SFA/Page_Dataplace SFA/Page_Dataplace SFA/div_Editar")): Object: 'Object Repository/Page_Dataplace - SFA/Page_Dataplace - SFA/Page_Dataplace - SFA/Page_Dataplace - SFA/Page_Dataplace SFA/Page_Dataplace SFA/div_Editar' is clicked on

2022-01-25 14:19:23 - [MESSAGE][PASSED] - Object: 'Object Repository/Page_Dataplace - SFA/Page_Dataplace - SFA/Page_Dataplace - SFA/Page_Dataplace - SFA/Page_Dataplace SFA/Page_Dataplace SFA/div_Editar' is clicked on

2022-01-25 14:19:23 - [TEST_STEP][PASSED] - selectOptionByValue(findTestObject("Object Repository/Page_Dataplace - SFA/Page_Dataplace - SFA/Page_Dataplace - SFA/Page_Dataplace - SFA/Page_Dataplace SFA/Page_Dataplace SFA/select_Fsica Jurdica"), "2", true): All options with value '2' are selected in object 'Object Repository/Page_Dataplace - SFA/Page_Dataplace - SFA/Page_Dataplace - SFA/Page_Dataplace - SFA/Page_Dataplace SFA/Page_Dataplace SFA/select_Fsica Jurdica'  using regular expression

2022-01-25 14:19:24 - [MESSAGE][PASSED] - All options with value '2' are selected in object 'Object Repository/Page_Dataplace - SFA/Page_Dataplace - SFA/Page_Dataplace - SFA/Page_Dataplace - SFA/Page_Dataplace SFA/Page_Dataplace SFA/select_Fsica Jurdica'  using regular expression

2022-01-25 14:19:24 - [TEST_STEP][PASSED] - click(findTestObject("Object Repository/Page_Dataplace - SFA/Page_Dataplace - SFA/Page_Dataplace - SFA/Page_Dataplace - SFA/Page_Dataplace SFA/Page_Dataplace SFA/div_SFA - Fora de Vendas  DP INFORMTICA LTD_a6a7a3")): Object: 'Object Repository/Page_Dataplace - SFA/Page_Dataplace - SFA/Page_Dataplace - SFA/Page_Dataplace - SFA/Page_Dataplace SFA/Page_Dataplace SFA/div_SFA - Fora de Vendas  DP INFORMTICA LTD_a6a7a3' is clicked on

2022-01-25 14:19:25 - [MESSAGE][PASSED] - Object: 'Object Repository/Page_Dataplace - SFA/Page_Dataplace - SFA/Page_Dataplace - SFA/Page_Dataplace - SFA/Page_Dataplace SFA/Page_Dataplace SFA/div_SFA - Fora de Vendas  DP INFORMTICA LTD_a6a7a3' is clicked on

2022-01-25 14:19:25 - [TEST_STEP][PASSED] - if (setText(findTestObject("Object Repository/Page_Dataplace - SFA/Page_Dataplace - SFA/Page_Dataplace - SFA/Page_Dataplace - SFA/Page_Dataplace SFA/Page_Dataplace SFA/input_CPF_inscricaoFederal"), cpf) == true): Text '88888888888' is set on object 'Object Repository/Page_Dataplace - SFA/Page_Dataplace - SFA/Page_Dataplace - SFA/Page_Dataplace - SFA/Page_Dataplace SFA/Page_Dataplace SFA/input_CPF_inscricaoFederal'

2022-01-25 14:19:25 - [MESSAGE][PASSED] - Text '88888888888' is set on object 'Object Repository/Page_Dataplace - SFA/Page_Dataplace - SFA/Page_Dataplace - SFA/Page_Dataplace - SFA/Page_Dataplace SFA/Page_Dataplace SFA/input_CPF_inscricaoFederal'

2022-01-25 14:19:25 - [TEST_STEP][PASSED] - else: null

2022-01-25 14:19:25 - [TEST_STEP][PASSED] - out.println("cpf inválido"): null

2022-01-25 14:19:25 - [TEST_STEP][PASSED] - closeBrowser(): Browser is closed

2022-01-25 14:19:26 - [MESSAGE][PASSED] - Browser is closed]]></system-out>
         <system-err><![CDATA[]]></system-err>
      </testcase>
      <testcase name="Test Cases/aa" time="9.69" classname="Test Cases/aa" status="PASSED">
         <system-out><![CDATA[2022-01-25 14:19:26 - [TEST_CASE][PASSED] - Test Cases/aa: Test Cases/aa

2022-01-25 14:19:26 - [TEST_STEP][PASSED] - openBrowser(""): Browser is opened with url: ''

2022-01-25 14:19:26 - [MESSAGE][INFO] - Starting 'Chrome' driver

2022-01-25 14:19:26 - [MESSAGE][INFO] - Action delay is set to 0 milliseconds

2022-01-25 14:19:27 - [MESSAGE][PASSED] - Browser is opened with url: ''

2022-01-25 14:19:27 - [TEST_STEP][PASSED] - navigateToUrl("http://172.16.1.21:7802/pt/account/login?returnUrl=%2Fpedidos"): Navigate to 'http://172.16.1.21:7802/pt/account/login?returnUrl=%2Fpedidos' successfully

2022-01-25 14:19:28 - [MESSAGE][PASSED] - Navigate to 'http://172.16.1.21:7802/pt/account/login?returnUrl=%2Fpedidos' successfully

2022-01-25 14:19:28 - [TEST_STEP][PASSED] - setText(findTestObject("Object Repository/Page_Dataplace - SFA/Page_Dataplace - SFA/Page_Dataplace - SFA/Page_Dataplace - SFA/Page_Dataplace SFA/Page_Dataplace - SFA/input_Nome de usurio ou endereo de email_email"), "mayara.moraes@dataplace.com.br"): Text 'mayara.moraes@dataplace.com.br' is set on object 'Object Repository/Page_Dataplace - SFA/Page_Dataplace - SFA/Page_Dataplace - SFA/Page_Dataplace - SFA/Page_Dataplace SFA/Page_Dataplace - SFA/input_Nome de usurio ou endereo de email_email'

2022-01-25 14:19:29 - [MESSAGE][PASSED] - Text 'mayara.moraes@dataplace.com.br' is set on object 'Object Repository/Page_Dataplace - SFA/Page_Dataplace - SFA/Page_Dataplace - SFA/Page_Dataplace - SFA/Page_Dataplace SFA/Page_Dataplace - SFA/input_Nome de usurio ou endereo de email_email'

2022-01-25 14:19:29 - [TEST_STEP][PASSED] - setEncryptedText(findTestObject("Object Repository/Page_Dataplace - SFA/Page_Dataplace - SFA/Page_Dataplace - SFA/Page_Dataplace - SFA/Page_Dataplace SFA/Page_Dataplace - SFA/input_Senha_senha"), "jBu/h84nUum0DzfFUdyvAQ=="): Text ****** has been set on object 'Object Repository/Page_Dataplace - SFA/Page_Dataplace - SFA/Page_Dataplace - SFA/Page_Dataplace - SFA/Page_Dataplace SFA/Page_Dataplace - SFA/input_Senha_senha'

2022-01-25 14:19:30 - [MESSAGE][PASSED] - Text ****** has been set on object 'Object Repository/Page_Dataplace - SFA/Page_Dataplace - SFA/Page_Dataplace - SFA/Page_Dataplace - SFA/Page_Dataplace SFA/Page_Dataplace - SFA/input_Senha_senha'

2022-01-25 14:19:30 - [TEST_STEP][PASSED] - click(findTestObject("Object Repository/Page_Dataplace - SFA/Page_Dataplace - SFA/Page_Dataplace - SFA/Page_Dataplace - SFA/Page_Dataplace SFA/Page_Dataplace - SFA/div_Login")): Object: 'Object Repository/Page_Dataplace - SFA/Page_Dataplace - SFA/Page_Dataplace - SFA/Page_Dataplace - SFA/Page_Dataplace SFA/Page_Dataplace - SFA/div_Login' is clicked on

2022-01-25 14:19:30 - [MESSAGE][PASSED] - Object: 'Object Repository/Page_Dataplace - SFA/Page_Dataplace - SFA/Page_Dataplace - SFA/Page_Dataplace - SFA/Page_Dataplace SFA/Page_Dataplace - SFA/div_Login' is clicked on

2022-01-25 14:19:30 - [TEST_STEP][PASSED] - click(findTestObject("Object Repository/Page_Dataplace - SFA/Page_Dataplace - SFA/Page_Dataplace - SFA/Page_Dataplace - SFA/Page_Dataplace SFA/Page_Dataplace SFA/div_Clientes")): Object: 'Object Repository/Page_Dataplace - SFA/Page_Dataplace - SFA/Page_Dataplace - SFA/Page_Dataplace - SFA/Page_Dataplace SFA/Page_Dataplace SFA/div_Clientes' is clicked on

2022-01-25 14:19:31 - [MESSAGE][PASSED] - Object: 'Object Repository/Page_Dataplace - SFA/Page_Dataplace - SFA/Page_Dataplace - SFA/Page_Dataplace - SFA/Page_Dataplace SFA/Page_Dataplace SFA/div_Clientes' is clicked on

2022-01-25 14:19:31 - [TEST_STEP][PASSED] - click(findTestObject("Object Repository/Page_Dataplace - SFA/Page_Dataplace - SFA/Page_Dataplace - SFA/Page_Dataplace - SFA/Page_Dataplace SFA/Page_Dataplace SFA/button_Cadastrar cliente_btn btn-secondary btn-sm")): Object: 'Object Repository/Page_Dataplace - SFA/Page_Dataplace - SFA/Page_Dataplace - SFA/Page_Dataplace - SFA/Page_Dataplace SFA/Page_Dataplace SFA/button_Cadastrar cliente_btn btn-secondary btn-sm' is clicked on

2022-01-25 14:19:31 - [MESSAGE][PASSED] - Object: 'Object Repository/Page_Dataplace - SFA/Page_Dataplace - SFA/Page_Dataplace - SFA/Page_Dataplace - SFA/Page_Dataplace SFA/Page_Dataplace SFA/button_Cadastrar cliente_btn btn-secondary btn-sm' is clicked on

2022-01-25 14:19:31 - [TEST_STEP][PASSED] - click(findTestObject("Object Repository/Page_Dataplace - SFA/Page_Dataplace - SFA/Page_Dataplace - SFA/Page_Dataplace - SFA/Page_Dataplace SFA/Page_Dataplace SFA/a_Calebe e Jaqueline")): Object: 'Object Repository/Page_Dataplace - SFA/Page_Dataplace - SFA/Page_Dataplace - SFA/Page_Dataplace - SFA/Page_Dataplace SFA/Page_Dataplace SFA/a_Calebe e Jaqueline' is clicked on

2022-01-25 14:19:32 - [MESSAGE][PASSED] - Object: 'Object Repository/Page_Dataplace - SFA/Page_Dataplace - SFA/Page_Dataplace - SFA/Page_Dataplace - SFA/Page_Dataplace SFA/Page_Dataplace SFA/a_Calebe e Jaqueline' is clicked on

2022-01-25 14:19:32 - [TEST_STEP][PASSED] - click(findTestObject("Object Repository/Page_Dataplace - SFA/Page_Dataplace - SFA/Page_Dataplace - SFA/Page_Dataplace - SFA/Page_Dataplace SFA/Page_Dataplace SFA/div_Editar")): Object: 'Object Repository/Page_Dataplace - SFA/Page_Dataplace - SFA/Page_Dataplace - SFA/Page_Dataplace - SFA/Page_Dataplace SFA/Page_Dataplace SFA/div_Editar' is clicked on

2022-01-25 14:19:33 - [MESSAGE][PASSED] - Object: 'Object Repository/Page_Dataplace - SFA/Page_Dataplace - SFA/Page_Dataplace - SFA/Page_Dataplace - SFA/Page_Dataplace SFA/Page_Dataplace SFA/div_Editar' is clicked on

2022-01-25 14:19:33 - [TEST_STEP][PASSED] - selectOptionByValue(findTestObject("Object Repository/Page_Dataplace - SFA/Page_Dataplace - SFA/Page_Dataplace - SFA/Page_Dataplace - SFA/Page_Dataplace SFA/Page_Dataplace SFA/select_Fsica Jurdica"), "2", true): All options with value '2' are selected in object 'Object Repository/Page_Dataplace - SFA/Page_Dataplace - SFA/Page_Dataplace - SFA/Page_Dataplace - SFA/Page_Dataplace SFA/Page_Dataplace SFA/select_Fsica Jurdica'  using regular expression

2022-01-25 14:19:34 - [MESSAGE][PASSED] - All options with value '2' are selected in object 'Object Repository/Page_Dataplace - SFA/Page_Dataplace - SFA/Page_Dataplace - SFA/Page_Dataplace - SFA/Page_Dataplace SFA/Page_Dataplace SFA/select_Fsica Jurdica'  using regular expression

2022-01-25 14:19:34 - [TEST_STEP][PASSED] - click(findTestObject("Object Repository/Page_Dataplace - SFA/Page_Dataplace - SFA/Page_Dataplace - SFA/Page_Dataplace - SFA/Page_Dataplace SFA/Page_Dataplace SFA/div_SFA - Fora de Vendas  DP INFORMTICA LTD_a6a7a3")): Object: 'Object Repository/Page_Dataplace - SFA/Page_Dataplace - SFA/Page_Dataplace - SFA/Page_Dataplace - SFA/Page_Dataplace SFA/Page_Dataplace SFA/div_SFA - Fora de Vendas  DP INFORMTICA LTD_a6a7a3' is clicked on

2022-01-25 14:19:34 - [MESSAGE][PASSED] - Object: 'Object Repository/Page_Dataplace - SFA/Page_Dataplace - SFA/Page_Dataplace - SFA/Page_Dataplace - SFA/Page_Dataplace SFA/Page_Dataplace SFA/div_SFA - Fora de Vendas  DP INFORMTICA LTD_a6a7a3' is clicked on

2022-01-25 14:19:34 - [TEST_STEP][PASSED] - if (setText(findTestObject("Object Repository/Page_Dataplace - SFA/Page_Dataplace - SFA/Page_Dataplace - SFA/Page_Dataplace - SFA/Page_Dataplace SFA/Page_Dataplace SFA/input_CPF_inscricaoFederal"), cpf) == true): Text '' is set on object 'Object Repository/Page_Dataplace - SFA/Page_Dataplace - SFA/Page_Dataplace - SFA/Page_Dataplace - SFA/Page_Dataplace SFA/Page_Dataplace SFA/input_CPF_inscricaoFederal'

2022-01-25 14:19:35 - [MESSAGE][PASSED] - Text '' is set on object 'Object Repository/Page_Dataplace - SFA/Page_Dataplace - SFA/Page_Dataplace - SFA/Page_Dataplace - SFA/Page_Dataplace SFA/Page_Dataplace SFA/input_CPF_inscricaoFederal'

2022-01-25 14:19:35 - [TEST_STEP][PASSED] - else: null

2022-01-25 14:19:35 - [TEST_STEP][PASSED] - out.println("cpf inválido"): null

2022-01-25 14:19:35 - [TEST_STEP][PASSED] - closeBrowser(): Browser is closed

2022-01-25 14:19:36 - [MESSAGE][PASSED] - Browser is closed]]></system-out>
         <system-err><![CDATA[]]></system-err>
      </testcase>
      <system-out><![CDATA[2022-01-25 14:18:55 - [TEST_SUITE][PASSED] - cpf: Test Cases/aa]]></system-out>
      <system-err><![CDATA[]]></system-err>
   </testsuite>
</testsuites>
